<?xml version="1.0" encoding="UTF-8"?>
<!-- Generated by org.testng.reporters.JUnitReportReporter -->
<testsuite skipped="0" hostname="MasrathS" name="test.automation.AppTest" tests="2" failures="0" timestamp="24 Dec 2018 04:04:45 GMT" time="55.353" errors="0">
  <testcase name="titleTest" time="37.554" classname="test.automation.AppTest"/>
  <testcase name="login" time="17.799" classname="test.automation.AppTest"/>
</testsuite> <!-- test.automation.AppTest -->
