<?xml version="1.0" encoding="UTF-8"?>
<!-- Generated by org.testng.reporters.JUnitReportReporter -->
<testsuite skipped="0" hostname="MasrathS" name="test.automation.App" tests="1" failures="0" timestamp="24 Dec 2018 03:40:58 GMT" time="25.090" errors="0">
  <testcase name="login" time="25.090" classname="test.automation.App"/>
</testsuite> <!-- test.automation.App -->
