<?xml version="1.0" encoding="UTF-8"?>
<!-- Generated by org.testng.reporters.JUnitReportReporter -->
<testsuite skipped="2" hostname="MashrathS" name="test.automation.LoginTest" tests="3" failures="0" timestamp="10 Jan 2019 11:58:57 GMT" time="37.468" errors="0">
  <testcase name="loginTest" time="37.468" classname="test.automation.LoginTest"/>
  <testcase name="logoTest" classname="test.automation.LoginTest">
    <skipped/>
  </testcase> <!-- logoTest -->
  <testcase name="titleTest" classname="test.automation.LoginTest">
    <skipped/>
  </testcase> <!-- titleTest -->
</testsuite> <!-- test.automation.LoginTest -->
